This file contains any messages produced by compilers while
running configure, to aid debugging if configure makes a mistake.

It was created by configure, which was
generated by GNU Autoconf 2.68.  Invocation command line was

  $ ./configure --with-php-config=/usr/bin/php-config

## --------- ##
## Platform. ##
## --------- ##

hostname = rainkid
uname -m = x86_64
uname -r = 3.2.0-45-generic
uname -s = Linux
uname -v = #70-Ubuntu SMP Wed May 29 20:12:06 UTC 2013

/usr/bin/uname -p = unknown
/bin/uname -X     = unknown

/bin/arch              = unknown
/usr/bin/arch -k       = unknown
/usr/convex/getsysinfo = unknown
/usr/bin/hostinfo      = unknown
/bin/machine           = unknown
/usr/bin/oslevel       = unknown
/bin/universe          = unknown

PATH: .
PATH: /opt/SenchaSDKTools-2.0.0-beta3
PATH: /opt/SenchaSDKTools-2.0.0-beta3
PATH: /home/rainkid/bin
PATH: /usr/lib/lightdm/lightdm
PATH: /usr/local/sbin
PATH: /usr/local/bin
PATH: /usr/sbin
PATH: /usr/bin
PATH: /sbin
PATH: /bin
PATH: /usr/games
PATH: /home/rainkid/bin
PATH: /home/rainkid/go/pkg/tool/linux_amd63/


## ----------- ##
## Core tests. ##
## ----------- ##

configure:2058: checking for grep that handles long lines and -e
configure:2116: result: /bin/grep
configure:2121: checking for egrep
configure:2183: result: /bin/grep -E
configure:2188: checking for a sed that does not truncate output
configure:2252: result: /bin/sed
configure:2386: checking for cc
configure:2402: found /usr/bin/cc
configure:2413: result: cc
configure:2444: checking for C compiler version
configure:2453: cc --version >&5
cc (Ubuntu/Linaro 4.6.3-1ubuntu5) 4.6.3
Copyright (C) 2011 Free Software Foundation, Inc.
This is free software; see the source for copying conditions.  There is NO
warranty; not even for MERCHANTABILITY or FITNESS FOR A PARTICULAR PURPOSE.

configure:2464: $? = 0
configure:2453: cc -v >&5
Using built-in specs.
COLLECT_GCC=cc
COLLECT_LTO_WRAPPER=/usr/lib/gcc/x86_64-linux-gnu/4.6/lto-wrapper
Target: x86_64-linux-gnu
Configured with: ../src/configure -v --with-pkgversion='Ubuntu/Linaro 4.6.3-1ubuntu5' --with-bugurl=file:///usr/share/doc/gcc-4.6/README.Bugs --enable-languages=c,c++,fortran,objc,obj-c++ --prefix=/usr --program-suffix=-4.6 --enable-shared --enable-linker-build-id --with-system-zlib --libexecdir=/usr/lib --without-included-gettext --enable-threads=posix --with-gxx-include-dir=/usr/include/c++/4.6 --libdir=/usr/lib --enable-nls --with-sysroot=/ --enable-clocale=gnu --enable-libstdcxx-debug --enable-libstdcxx-time=yes --enable-gnu-unique-object --enable-plugin --enable-objc-gc --disable-werror --with-arch-32=i686 --with-tune=generic --enable-checking=release --build=x86_64-linux-gnu --host=x86_64-linux-gnu --target=x86_64-linux-gnu
Thread model: posix
gcc version 4.6.3 (Ubuntu/Linaro 4.6.3-1ubuntu5) 
configure:2464: $? = 0
configure:2453: cc -V >&5
cc: error: unrecognized option '-V'
cc: fatal error: no input files
compilation terminated.
configure:2464: $? = 4
configure:2453: cc -qversion >&5
cc: error: unrecognized option '-qversion'
cc: fatal error: no input files
compilation terminated.
configure:2464: $? = 4
configure:2484: checking whether the C compiler works
configure:2506: cc    conftest.c  >&5
configure:2510: $? = 0
configure:2558: result: yes
configure:2561: checking for C compiler default output file name
configure:2563: result: a.out
configure:2569: checking for suffix of executables
configure:2576: cc -o conftest    conftest.c  >&5
configure:2580: $? = 0
configure:2602: result: 
configure:2624: checking whether we are cross compiling
configure:2632: cc -o conftest    conftest.c  >&5
configure:2636: $? = 0
configure:2643: ./conftest
configure:2647: $? = 0
configure:2662: result: no
configure:2667: checking for suffix of object files
configure:2689: cc -c   conftest.c >&5
configure:2693: $? = 0
configure:2714: result: o
configure:2718: checking whether we are using the GNU C compiler
configure:2737: cc -c   conftest.c >&5
configure:2737: $? = 0
configure:2746: result: yes
configure:2755: checking whether cc accepts -g
configure:2775: cc -c -g  conftest.c >&5
configure:2775: $? = 0
configure:2816: result: yes
configure:2833: checking for cc option to accept ISO C89
configure:2897: cc  -c -g -O2  conftest.c >&5
configure:2897: $? = 0
configure:2910: result: none needed
configure:2936: checking how to run the C preprocessor
configure:2967: cc -E  conftest.c
configure:2967: $? = 0
configure:2981: cc -E  conftest.c
conftest.c:9:28: fatal error: ac_nonexistent.h: No such file or directory
compilation terminated.
configure:2981: $? = 1
configure: failed program was:
| /* confdefs.h */
| #define PACKAGE_NAME ""
| #define PACKAGE_TARNAME ""
| #define PACKAGE_VERSION ""
| #define PACKAGE_STRING ""
| #define PACKAGE_BUGREPORT ""
| #define PACKAGE_URL ""
| /* end confdefs.h.  */
| #include <ac_nonexistent.h>
configure:3006: result: cc -E
configure:3026: cc -E  conftest.c
configure:3026: $? = 0
configure:3040: cc -E  conftest.c
conftest.c:9:28: fatal error: ac_nonexistent.h: No such file or directory
compilation terminated.
configure:3040: $? = 1
configure: failed program was:
| /* confdefs.h */
| #define PACKAGE_NAME ""
| #define PACKAGE_TARNAME ""
| #define PACKAGE_VERSION ""
| #define PACKAGE_STRING ""
| #define PACKAGE_BUGREPORT ""
| #define PACKAGE_URL ""
| /* end confdefs.h.  */
| #include <ac_nonexistent.h>
configure:3071: checking for icc
configure:3080: result: no
configure:3094: checking for suncc
configure:3103: result: no
configure:3121: checking whether cc understands -c and -o together
configure:3149: cc -c conftest.c -o conftest2.o >&5
configure:3153: $? = 0
configure:3159: cc -c conftest.c -o conftest2.o >&5
configure:3163: $? = 0
configure:3218: result: yes
configure:3232: checking for system library directory
configure:3247: result: lib
configure:3254: checking if compiler supports -R
configure:3273: cc -o conftest -g -O2   conftest.c -R /usr/lib  >&5
cc: error: unrecognized option '-R'
configure:3273: $? = 1
configure: failed program was:
| /* confdefs.h */
| #define PACKAGE_NAME ""
| #define PACKAGE_TARNAME ""
| #define PACKAGE_VERSION ""
| #define PACKAGE_STRING ""
| #define PACKAGE_BUGREPORT ""
| #define PACKAGE_URL ""
| /* end confdefs.h.  */
| 
| int
| main ()
| {
| 
|   ;
|   return 0;
| }
configure:3283: result: no
configure:3288: checking if compiler supports -Wl,-rpath,
configure:3307: cc -o conftest -g -O2   conftest.c -Wl,-rpath,/usr/lib  >&5
configure:3307: $? = 0
configure:3317: result: yes
configure:3362: checking build system type
configure:3376: result: x86_64-unknown-linux-gnu
configure:3396: checking host system type
configure:3409: result: x86_64-unknown-linux-gnu
configure:3429: checking target system type
configure:3442: result: x86_64-unknown-linux-gnu
configure:3545: checking for PHP prefix
configure:3547: result: /usr
configure:3549: checking for PHP includes
configure:3551: result: -I/usr/include/php5 -I/usr/include/php5/main -I/usr/include/php5/TSRM -I/usr/include/php5/Zend -I/usr/include/php5/ext -I/usr/include/php5/ext/date/lib
configure:3553: checking for PHP extension directory
configure:3555: result: /usr/lib/php5/20090626
configure:3557: checking for PHP installed headers prefix
configure:3559: result: /usr/include/php5
configure:3562: checking if debug is enabled
configure:3588: result: no
configure:3591: checking if zts is enabled
configure:3617: result: no
configure:3691: checking for re2c
configure:3707: found /usr/bin/re2c
configure:3718: result: re2c
configure:3727: checking for re2c version
configure:3741: result: 0.13.5 (ok)
configure:3760: checking for gawk
configure:3777: found /usr/bin/gawk
configure:3788: result: gawk
configure:3834: checking for BZip2 support
configure:3874: result: yes, shared
configure:3884: checking for BZip2 in default path
configure:3889: result: found in /usr
configure:4001: checking for BZ2_bzerror in -lbz2
configure:4026: cc -o conftest -g -O2   conftest.c -lbz2   >&5
configure:4026: $? = 0
configure:4035: result: yes
configure:4313: checking for BZ2_bzWriteOpen in -lbz2
configure:4338: cc -o conftest -g -O2   conftest.c -lbz2   >&5
configure:4338: $? = 0
configure:4347: result: yes
configure:4716: checking how to print strings
configure:4743: result: printf
configure:4764: checking for a sed that does not truncate output
configure:4828: result: /bin/sed
configure:4846: checking for fgrep
configure:4908: result: /bin/grep -F
configure:4943: checking for ld used by cc
configure:5010: result: /usr/bin/ld
configure:5017: checking if the linker (/usr/bin/ld) is GNU ld
configure:5032: result: yes
configure:5044: checking for BSD- or MS-compatible name lister (nm)
configure:5093: result: /usr/bin/nm -B
configure:5223: checking the name lister (/usr/bin/nm -B) interface
configure:5230: cc -c -g -O2  conftest.c >&5
configure:5233: /usr/bin/nm -B "conftest.o"
configure:5236: output
0000000000000000 B some_variable
configure:5243: result: BSD nm
configure:5246: checking whether ln -s works
configure:5250: result: yes
configure:5258: checking the maximum length of command line arguments
configure:5388: result: 1572864
configure:5405: checking whether the shell understands some XSI constructs
configure:5415: result: yes
configure:5419: checking whether the shell understands "+="
configure:5425: result: yes
configure:5460: checking how to convert x86_64-unknown-linux-gnu file names to x86_64-unknown-linux-gnu format
configure:5500: result: func_convert_file_noop
configure:5507: checking how to convert x86_64-unknown-linux-gnu file names to toolchain format
configure:5527: result: func_convert_file_noop
configure:5534: checking for /usr/bin/ld option to reload object files
configure:5541: result: -r
configure:5615: checking for objdump
configure:5631: found /usr/bin/objdump
configure:5642: result: objdump
configure:5674: checking how to recognize dependent libraries
configure:5876: result: pass_all
configure:5961: checking for dlltool
configure:5991: result: no
configure:6021: checking how to associate runtime and link libraries
configure:6048: result: printf %s\n
configure:6108: checking for ar
configure:6124: found /usr/bin/ar
configure:6135: result: ar
configure:6172: checking for archiver @FILE support
configure:6189: cc -c -g -O2  conftest.c >&5
configure:6189: $? = 0
configure:6192: ar cru libconftest.a @conftest.lst >&5
configure:6195: $? = 0
configure:6200: ar cru libconftest.a @conftest.lst >&5
ar: conftest.o: No such file or directory
configure:6203: $? = 1
configure:6215: result: @
configure:6273: checking for strip
configure:6289: found /usr/bin/strip
configure:6300: result: strip
configure:6372: checking for ranlib
configure:6388: found /usr/bin/ranlib
configure:6399: result: ranlib
configure:6476: checking for gawk
configure:6503: result: gawk
configure:6543: checking command to parse /usr/bin/nm -B output from cc object
configure:6663: cc -c -g -O2  conftest.c >&5
configure:6666: $? = 0
configure:6670: /usr/bin/nm -B conftest.o \| sed -n -e 's/^.*[ ]\([ABCDGIRSTW][ABCDGIRSTW]*\)[ ][ ]*\([_A-Za-z][_A-Za-z0-9]*\)$/\1 \2 \2/p' | sed '/ __gnu_lto/d' \> conftest.nm
configure:6673: $? = 0
configure:6739: cc -o conftest -g -O2   conftest.c conftstm.o >&5
configure:6742: $? = 0
configure:6780: result: ok
configure:6817: checking for sysroot
configure:6847: result: no
configure:6924: cc -c -g -O2  conftest.c >&5
configure:6927: $? = 0
configure:7103: checking for mt
configure:7119: found /bin/mt
configure:7130: result: mt
configure:7153: checking if mt is a manifest tool
configure:7159: mt '-?'
configure:7167: result: no
configure:7804: checking for ANSI C header files
configure:7824: cc -c -g -O2  conftest.c >&5
configure:7824: $? = 0
configure:7897: cc -o conftest -g -O2   conftest.c  >&5
configure:7897: $? = 0
configure:7897: ./conftest
configure:7897: $? = 0
configure:7908: result: yes
configure:7921: checking for sys/types.h
configure:7921: cc -c -g -O2  conftest.c >&5
configure:7921: $? = 0
configure:7921: result: yes
configure:7921: checking for sys/stat.h
configure:7921: cc -c -g -O2  conftest.c >&5
configure:7921: $? = 0
configure:7921: result: yes
configure:7921: checking for stdlib.h
configure:7921: cc -c -g -O2  conftest.c >&5
configure:7921: $? = 0
configure:7921: result: yes
configure:7921: checking for string.h
configure:7921: cc -c -g -O2  conftest.c >&5
configure:7921: $? = 0
configure:7921: result: yes
configure:7921: checking for memory.h
configure:7921: cc -c -g -O2  conftest.c >&5
configure:7921: $? = 0
configure:7921: result: yes
configure:7921: checking for strings.h
configure:7921: cc -c -g -O2  conftest.c >&5
configure:7921: $? = 0
configure:7921: result: yes
configure:7921: checking for inttypes.h
configure:7921: cc -c -g -O2  conftest.c >&5
configure:7921: $? = 0
configure:7921: result: yes
configure:7921: checking for stdint.h
configure:7921: cc -c -g -O2  conftest.c >&5
configure:7921: $? = 0
configure:7921: result: yes
configure:7921: checking for unistd.h
configure:7921: cc -c -g -O2  conftest.c >&5
configure:7921: $? = 0
configure:7921: result: yes
configure:7935: checking for dlfcn.h
configure:7935: cc -c -g -O2  conftest.c >&5
configure:7935: $? = 0
configure:7935: result: yes
configure:8141: checking for objdir
configure:8156: result: .libs
configure:8427: checking if cc supports -fno-rtti -fno-exceptions
configure:8445: cc -c -g -O2  -fno-rtti -fno-exceptions conftest.c >&5
cc1: warning: command line option '-fno-rtti' is valid for C++/ObjC++ but not for C [enabled by default]
configure:8449: $? = 0
configure:8462: result: no
configure:8789: checking for cc option to produce PIC
configure:8796: result: -fPIC -DPIC
configure:8804: checking if cc PIC flag -fPIC -DPIC works
configure:8822: cc -c -g -O2  -fPIC -DPIC -DPIC conftest.c >&5
configure:8826: $? = 0
configure:8839: result: yes
configure:8868: checking if cc static flag -static works
configure:8896: result: yes
configure:8911: checking if cc supports -c -o file.o
configure:8932: cc -c -g -O2  -o out/conftest2.o conftest.c >&5
configure:8936: $? = 0
configure:8958: result: yes
configure:8966: checking if cc supports -c -o file.o
configure:9013: result: yes
configure:9046: checking whether the cc linker (/usr/bin/ld -m elf_x86_64) supports shared libraries
configure:10203: result: yes
configure:10240: checking whether -lc should be explicitly linked in
configure:10248: cc -c -g -O2  conftest.c >&5
configure:10251: $? = 0
configure:10266: cc -shared  -fPIC -DPIC conftest.o  -v -Wl,-soname -Wl,conftest -o conftest 2\>\&1 \| /bin/grep  -lc  \>/dev/null 2\>\&1
configure:10269: $? = 0
configure:10283: result: no
configure:10443: checking dynamic linker characteristics
configure:10954: cc -o conftest -g -O2   -Wl,-rpath -Wl,/foo conftest.c  >&5
configure:10954: $? = 0
configure:11188: result: GNU/Linux ld.so
configure:11295: checking how to hardcode library paths into programs
configure:11320: result: immediate
configure:11860: checking whether stripping libraries is possible
configure:11865: result: yes
configure:11900: checking if libtool supports shared libraries
configure:11902: result: yes
configure:11905: checking whether to build shared libraries
configure:11926: result: yes
configure:11929: checking whether to build static libraries
configure:11933: result: no
configure:12209: creating ./config.status

## ---------------------- ##
## Running config.status. ##
## ---------------------- ##

This file was extended by config.status, which was
generated by GNU Autoconf 2.68.  Invocation command line was

  CONFIG_FILES    = 
  CONFIG_HEADERS  = 
  CONFIG_LINKS    = 
  CONFIG_COMMANDS = 
  $ ./config.status 

on rainkid

config.status:899: creating config.h
config.status:989: config.h is unchanged
config.status:1003: executing libtool commands

## ---------------- ##
## Cache variables. ##
## ---------------- ##

ac_cv_build=x86_64-unknown-linux-gnu
ac_cv_c_compiler_gnu=yes
ac_cv_env_CC_set=
ac_cv_env_CC_value=
ac_cv_env_CFLAGS_set=
ac_cv_env_CFLAGS_value=
ac_cv_env_CPPFLAGS_set=
ac_cv_env_CPPFLAGS_value=
ac_cv_env_CPP_set=
ac_cv_env_CPP_value=
ac_cv_env_LDFLAGS_set=
ac_cv_env_LDFLAGS_value=
ac_cv_env_LIBS_set=
ac_cv_env_LIBS_value=
ac_cv_env_build_alias_set=
ac_cv_env_build_alias_value=
ac_cv_env_host_alias_set=
ac_cv_env_host_alias_value=
ac_cv_env_target_alias_set=
ac_cv_env_target_alias_value=
ac_cv_header_dlfcn_h=yes
ac_cv_header_inttypes_h=yes
ac_cv_header_memory_h=yes
ac_cv_header_stdc=yes
ac_cv_header_stdint_h=yes
ac_cv_header_stdlib_h=yes
ac_cv_header_string_h=yes
ac_cv_header_strings_h=yes
ac_cv_header_sys_stat_h=yes
ac_cv_header_sys_types_h=yes
ac_cv_header_unistd_h=yes
ac_cv_host=x86_64-unknown-linux-gnu
ac_cv_lib_bz2_BZ2_bzWriteOpen=yes
ac_cv_lib_bz2_BZ2_bzerror=yes
ac_cv_objext=o
ac_cv_path_EGREP='/bin/grep -E'
ac_cv_path_FGREP='/bin/grep -F'
ac_cv_path_GREP=/bin/grep
ac_cv_path_SED=/bin/sed
ac_cv_prog_AWK=gawk
ac_cv_prog_CPP='cc -E'
ac_cv_prog_RE2C=re2c
ac_cv_prog_ac_ct_AR=ar
ac_cv_prog_ac_ct_CC=cc
ac_cv_prog_ac_ct_MANIFEST_TOOL=mt
ac_cv_prog_ac_ct_OBJDUMP=objdump
ac_cv_prog_ac_ct_RANLIB=ranlib
ac_cv_prog_ac_ct_STRIP=strip
ac_cv_prog_cc_c89=
ac_cv_prog_cc_cc_c_o=yes
ac_cv_prog_cc_g=yes
ac_cv_target=x86_64-unknown-linux-gnu
lt_cv_ar_at_file=@
lt_cv_archive_cmds_need_lc=no
lt_cv_deplibs_check_method=pass_all
lt_cv_file_magic_cmd='$MAGIC_CMD'
lt_cv_file_magic_test_file=
lt_cv_ld_reload_flag=-r
lt_cv_nm_interface='BSD nm'
lt_cv_objdir=.libs
lt_cv_path_LD=/usr/bin/ld
lt_cv_path_NM='/usr/bin/nm -B'
lt_cv_path_mainfest_tool=no
lt_cv_prog_compiler_c_o=yes
lt_cv_prog_compiler_pic='-fPIC -DPIC'
lt_cv_prog_compiler_pic_works=yes
lt_cv_prog_compiler_rtti_exceptions=no
lt_cv_prog_compiler_static_works=yes
lt_cv_prog_gnu_ld=yes
lt_cv_sharedlib_from_linklib_cmd='printf %s\n'
lt_cv_shlibpath_overrides_runpath=no
lt_cv_sys_global_symbol_pipe='sed -n -e '\''s/^.*[	 ]\([ABCDGIRSTW][ABCDGIRSTW]*\)[	 ][	 ]*\([_A-Za-z][_A-Za-z0-9]*\)$/\1 \2 \2/p'\'' | sed '\''/ __gnu_lto/d'\'''
lt_cv_sys_global_symbol_to_c_name_address='sed -n -e '\''s/^: \([^ ]*\)[ ]*$/  {\"\1\", (void *) 0},/p'\'' -e '\''s/^[ABCDGIRSTW]* \([^ ]*\) \([^ ]*\)$/  {"\2", (void *) \&\2},/p'\'''
lt_cv_sys_global_symbol_to_c_name_address_lib_prefix='sed -n -e '\''s/^: \([^ ]*\)[ ]*$/  {\"\1\", (void *) 0},/p'\'' -e '\''s/^[ABCDGIRSTW]* \([^ ]*\) \(lib[^ ]*\)$/  {"\2", (void *) \&\2},/p'\'' -e '\''s/^[ABCDGIRSTW]* \([^ ]*\) \([^ ]*\)$/  {"lib\2", (void *) \&\2},/p'\'''
lt_cv_sys_global_symbol_to_cdecl='sed -n -e '\''s/^T .* \(.*\)$/extern int \1();/p'\'' -e '\''s/^[ABCDGIRSTW]* .* \(.*\)$/extern char \1;/p'\'''
lt_cv_sys_max_cmd_len=1572864
lt_cv_to_host_file_cmd=func_convert_file_noop
lt_cv_to_tool_file_cmd=func_convert_file_noop
php_cv_cc_dashr=no
php_cv_cc_rpath=yes
php_cv_re2c_version='0.13.5 (ok)'

## ----------------- ##
## Output variables. ##
## ----------------- ##

AR='ar'
AWK='gawk'
CC='cc'
CFLAGS='-g -O2'
CONFIGURE_COMMAND=' '\''./configure'\''  '\''--with-php-config=/usr/bin/php-config'\'''
CONFIGURE_OPTIONS=' '\''--with-php-config=/usr/bin/php-config'\'''
CPP='cc -E'
CPPFLAGS=' -DHAVE_CONFIG_H'
DEFS='-DHAVE_CONFIG_H'
DLLTOOL='false'
DSYMUTIL=''
DUMPBIN=''
ECHO_C=''
ECHO_N='-n'
ECHO_T=''
EGREP='/bin/grep -E'
EXEEXT=''
FGREP='/bin/grep -F'
GREP='/bin/grep'
LD='/usr/bin/ld -m elf_x86_64'
LDFLAGS=''
LIBOBJS=''
LIBS=''
LIBTOOL='$(SHELL) $(top_builddir)/libtool'
LIPO=''
LN_S='ln -s'
LTLIBOBJS=''
MANIFEST_TOOL=':'
NM='/usr/bin/nm -B'
NMEDIT=''
OBJDUMP='objdump'
OBJEXT='o'
OTOOL64=''
OTOOL=''
PACKAGE_BUGREPORT=''
PACKAGE_NAME=''
PACKAGE_STRING=''
PACKAGE_TARNAME=''
PACKAGE_URL=''
PACKAGE_VERSION=''
PATH_SEPARATOR=':'
RANLIB='ranlib'
RE2C='re2c'
SED='/bin/sed'
SHELL='/bin/bash'
SHLIB_DL_SUFFIX_NAME='so'
SHLIB_SUFFIX_NAME='so'
STRIP='strip'
ac_ct_AR='ar'
ac_ct_CC='cc'
ac_ct_DUMPBIN=''
bindir='${exec_prefix}/bin'
build='x86_64-unknown-linux-gnu'
build_alias=''
build_cpu='x86_64'
build_os='linux-gnu'
build_vendor='unknown'
datadir='${datarootdir}'
datarootdir='${prefix}/share'
docdir='${datarootdir}/doc/${PACKAGE}'
dvidir='${docdir}'
exec_prefix='$(prefix)'
host='x86_64-unknown-linux-gnu'
host_alias='x86_64-unknown-linux-gnu'
host_cpu='x86_64'
host_os='linux-gnu'
host_vendor='unknown'
htmldir='${docdir}'
includedir='${prefix}/include'
infodir='${datarootdir}/info'
libdir='${exec_prefix}/lib'
libexecdir='${exec_prefix}/libexec'
localedir='${datarootdir}/locale'
localstatedir='${prefix}/var'
mandir='${datarootdir}/man'
oldincludedir='/usr/include'
pdfdir='${docdir}'
prefix='/usr'
program_transform_name='s,x,x,'
psdir='${docdir}'
sbindir='${exec_prefix}/sbin'
sharedstatedir='${prefix}/com'
sysconfdir='${prefix}/etc'
target='x86_64-unknown-linux-gnu'
target_alias=''
target_cpu='x86_64'
target_os='linux-gnu'
target_vendor='unknown'

## ----------- ##
## confdefs.h. ##
## ----------- ##

/* confdefs.h */
#define PACKAGE_NAME ""
#define PACKAGE_TARNAME ""
#define PACKAGE_VERSION ""
#define PACKAGE_STRING ""
#define PACKAGE_BUGREPORT ""
#define PACKAGE_URL ""
#define HAVE_BZ2 1
#define COMPILE_DL_BSDIFF 1
#define STDC_HEADERS 1
#define HAVE_SYS_TYPES_H 1
#define HAVE_SYS_STAT_H 1
#define HAVE_STDLIB_H 1
#define HAVE_STRING_H 1
#define HAVE_MEMORY_H 1
#define HAVE_STRINGS_H 1
#define HAVE_INTTYPES_H 1
#define HAVE_STDINT_H 1
#define HAVE_UNISTD_H 1
#define HAVE_DLFCN_H 1
#define LT_OBJDIR ".libs/"

configure: exit 0
